<?xml version="1.0" encoding="UTF-8"?>
<!-- Generated by org.testng.reporters.JUnitReportReporter -->
<testsuite skipped="0" hostname="SanBid-PC" name="TestNGTutorial.TestNGTest1" tests="3" failures="0" timestamp="09 Jul 2018 15:05:29 GMT" time="0.035" errors="0">
  <testcase name="method2" time="0.027" classname="TestNGTutorial.TestNGTest1"/>
  <testcase name="method1" time="0.002" classname="TestNGTutorial.TestNGTest1"/>
  <testcase name="method3" time="0.006" classname="TestNGTutorial.TestNGTest1"/>
</testsuite> <!-- TestNGTutorial.TestNGTest1 -->
