<?xml version="1.0" encoding="UTF-8"?>
<!-- Generated by org.testng.reporters.JUnitReportReporter -->
<testsuite skipped="0" hostname="SanBid-PC" name="com.wordpress.testcases.VerifyWPLogin" tests="4" failures="0" timestamp="12 Jul 2018 03:36:41 GMT" time="76.328" errors="0">
  <testcase name="loginPageFact" time="15.642" classname="com.wordpress.testcases.VerifyWPLogin"/>
  <testcase name="loginPageFact" time="19.509" classname="com.wordpress.testcases.VerifyWPLogin"/>
  <testcase name="wpLogin" time="22.540" classname="com.wordpress.testcases.VerifyWPLogin"/>
  <testcase name="loginPageFact" time="18.637" classname="com.wordpress.testcases.VerifyWPLogin"/>
</testsuite> <!-- com.wordpress.testcases.VerifyWPLogin -->
